
> exavatar@1.0.0 dev
> astro dev

19:06:06 [types] Generated 1ms
19:06:07 [content] Syncing content
19:06:07 [content] Synced content
19:06:08 [vite] Re-optimizing dependencies because vite config has changed

 astro  v5.18.1 ready in 1665 ms

┃ Local    http://localhost:4321/
┃ Network  use --host to expose

19:06:08 watching for file changes...

 update  ▶ New version of Astro available: 6.1.1
  Run npx @astrojs/upgrade to update

19:06:58 [200] / 301ms
19:06:59 [200] /api/avatar 7ms
19:07:00 [200] /api/avatar 4ms
19:07:42 [200] / 18ms
19:07:43 [200] /api/avatar 8ms
19:07:43 [200] /api/avatar 10ms
19:07:44 [200] /about 8ms
19:09:42 [watch] src/layouts/Layout.astro
19:09:42 [watch] src/layouts/Layout.astro
19:09:47 [200] / 120ms
19:09:47 [200] /api/avatar 10ms
19:09:48 [200] /api/avatar 3ms
19:09:48 [200] /about 6ms
19:10:05 [watch] src/layouts/Layout.astro
19:10:05 [watch] src/layouts/Layout.astro
19:10:10 [200] / 85ms
19:10:10 [200] /api/avatar 13ms
19:10:11 [200] /api/avatar 2ms
19:10:11 [200] /about 6ms
